1555906557145	mozrunner::runner	INFO	Running command: "/usr/bin/firefox" "-marionette" "--headless" "-foreground" "-no-remote" "-profile" "/tmp/rust_mozprofile.vIEHVGAPf2iP"
*** You are running in headless mode.
1555906558324	addons.webextension.screenshots@mozilla.org	WARN	Loading extension 'screenshots@mozilla.org': Reading manifest: Invalid extension permission: mozillaAddons
1555906558324	addons.webextension.screenshots@mozilla.org	WARN	Loading extension 'screenshots@mozilla.org': Reading manifest: Invalid extension permission: resource://pdf.js/
1555906558325	addons.webextension.screenshots@mozilla.org	WARN	Loading extension 'screenshots@mozilla.org': Reading manifest: Invalid extension permission: about:reader*
1555906560019	Marionette	INFO	Listening on port 42014
1555906560116	Marionette	WARN	TLS certificate errors will be ignored for this session
1555906560123	Marionette	INFO	Proxy settings initialised: {"proxyType":"pac","proxyAutoconfigUrl":"http://www.freeproxy-server.net/"}
Exiting due to channel error.
[GFX1-]: Receive IPC close with reason=AbnormalShutdown
Sandbox: Unexpected EOF, op 0 flags 00 path /usr/share/locale/en_US.UTF-8/LC_MESSAGES/libc.mo
[Child 2319, Chrome_ChildThread] WARNING: pipe error (3): Connection reset by peer: file /build/firefox-i2nBcb/firefox-66.0.3+build1/ipc/chromium/src/chrome/common/ipc_channel_posix.cc, line 357
Exiting due to channel error.
1555906674287	mozrunner::runner	INFO	Running command: "/usr/bin/firefox" "-marionette" "--headless" "-foreground" "-no-remote" "-profile" "/tmp/rust_mozprofile.WSYEq0y4Fg4u"
*** You are running in headless mode.
1555906674599	addons.webextension.screenshots@mozilla.org	WARN	Loading extension 'screenshots@mozilla.org': Reading manifest: Invalid extension permission: mozillaAddons
1555906674600	addons.webextension.screenshots@mozilla.org	WARN	Loading extension 'screenshots@mozilla.org': Reading manifest: Invalid extension permission: resource://pdf.js/
1555906674600	addons.webextension.screenshots@mozilla.org	WARN	Loading extension 'screenshots@mozilla.org': Reading manifest: Invalid extension permission: about:reader*
1555906675805	Marionette	INFO	Listening on port 42419
1555906675895	Marionette	WARN	TLS certificate errors will be ignored for this session
1555906675903	Marionette	INFO	Proxy settings initialised: {"proxyType":"pac","proxyAutoconfigUrl":"http://www.freeproxy-server.net/"}
[GFX1-]: Receive IPC close with reason=AbnormalShutdown
Exiting due to channel error.
Sandbox: Unexpected EOF, op 0 flags 00 path /usr/share/locale/en_US.UTF-8/LC_MESSAGES/libc.mo
[Child 2606, Chrome_ChildThread] WARNING: pipe error (3): Connection reset by peer: file /build/firefox-i2nBcb/firefox-66.0.3+build1/ipc/chromium/src/chrome/common/ipc_channel_posix.cc, line 357
Exiting due to channel error.
1555906856755	mozrunner::runner	INFO	Running command: "/usr/bin/firefox" "-marionette" "--headless" "-foreground" "-no-remote" "-profile" "/tmp/rust_mozprofile.IjX9CHOEu9fD"
*** You are running in headless mode.
1555906857069	addons.webextension.screenshots@mozilla.org	WARN	Loading extension 'screenshots@mozilla.org': Reading manifest: Invalid extension permission: mozillaAddons
1555906857070	addons.webextension.screenshots@mozilla.org	WARN	Loading extension 'screenshots@mozilla.org': Reading manifest: Invalid extension permission: resource://pdf.js/
1555906857070	addons.webextension.screenshots@mozilla.org	WARN	Loading extension 'screenshots@mozilla.org': Reading manifest: Invalid extension permission: about:reader*
1555906858217	Marionette	INFO	Listening on port 45372
1555906858281	Marionette	WARN	TLS certificate errors will be ignored for this session
1555906858289	Marionette	INFO	Proxy settings initialised: {"proxyType":"pac","proxyAutoconfigUrl":"http://www.freeproxy-server.net/"}
1555906858394	addons.webextension.<unknown>	WARN	Loading extension 'null': Reading manifest: Error processing storage: An unexpected property was found in the WebExtension manifest.
1555906858570	addons.webextension.{d10d0bf8-f5b5-c8b4-a8b2-2b9879e08c5d}	WARN	Loading extension '{d10d0bf8-f5b5-c8b4-a8b2-2b9879e08c5d}': Reading manifest: Error processing storage: An unexpected property was found in the WebExtension manifest.
JavaScript warning: moz-extension://deb23921-6b0c-4b14-b8dc-e57eb8588ab9/lib/adblockplus.js, line 0: Successfully compiled asm.js code (total compilation time 7ms)
Extension error: [Exception... "Component returned failure code: 0x80004005 (NS_ERROR_FAILURE) [nsIDOMWindowUtils.removeSheet]"  nsresult: "0x80004005 (NS_ERROR_FAILURE)"  location: "JS frame :: resource://gre/modules/ExtensionCommon.jsm :: runSafeSyncWithoutClone :: line 65"  data: no] undefined 65
[[Exception stack
runSafeSyncWithoutClone@resource://gre/modules/ExtensionCommon.jsm:65:12
cleanup/<@resource://gre/modules/ExtensionContent.jsm:360:13
Current stack
runSafeSyncWithoutClone@resource://gre/modules/ExtensionCommon.jsm:67:129
cleanup/<@resource://gre/modules/ExtensionContent.jsm:360:13
]]
Extension error: [Exception... "Component returned failure code: 0x80004005 (NS_ERROR_FAILURE) [nsIDOMWindowUtils.removeSheet]"  nsresult: "0x80004005 (NS_ERROR_FAILURE)"  location: "JS frame :: resource://gre/modules/ExtensionCommon.jsm :: runSafeSyncWithoutClone :: line 65"  data: no] undefined 65
[[Exception stack
runSafeSyncWithoutClone@resource://gre/modules/ExtensionCommon.jsm:65:12
cleanup/<@resource://gre/modules/ExtensionContent.jsm:360:13
Current stack
runSafeSyncWithoutClone@resource://gre/modules/ExtensionCommon.jsm:67:129
cleanup/<@resource://gre/modules/ExtensionContent.jsm:360:13
]]
Extension error: [Exception... "Component returned failure code: 0x80004005 (NS_ERROR_FAILURE) [nsIDOMWindowUtils.removeSheet]"  nsresult: "0x80004005 (NS_ERROR_FAILURE)"  location: "JS frame :: resource://gre/modules/ExtensionCommon.jsm :: runSafeSyncWithoutClone :: line 65"  data: no] undefined 65
[[Exception stack
runSafeSyncWithoutClone@resource://gre/modules/ExtensionCommon.jsm:65:12
cleanup/<@resource://gre/modules/ExtensionContent.jsm:360:13
Current stack
runSafeSyncWithoutClone@resource://gre/modules/ExtensionCommon.jsm:67:129
cleanup/<@resource://gre/modules/ExtensionContent.jsm:360:13
]]
Extension error: [Exception... "Component returned failure code: 0x80004005 (NS_ERROR_FAILURE) [nsIDOMWindowUtils.removeSheet]"  nsresult: "0x80004005 (NS_ERROR_FAILURE)"  location: "JS frame :: resource://gre/modules/ExtensionCommon.jsm :: runSafeSyncWithoutClone :: line 65"  data: no] undefined 65
[[Exception stack
runSafeSyncWithoutClone@resource://gre/modules/ExtensionCommon.jsm:65:12
cleanup/<@resource://gre/modules/ExtensionContent.jsm:360:13
Current stack
runSafeSyncWithoutClone@resource://gre/modules/ExtensionCommon.jsm:67:129
cleanup/<@resource://gre/modules/ExtensionContent.jsm:360:13
]]
console.error: BroadcastService: 
  receivedBroadcastMessage: handler for
  remote-settings/monitor_changes
  threw error:
  Message: Error: Polling for changes failed: NetworkError when attempting to fetch resource..
  Stack:
    remoteSettingsFunction/remoteSettings.pollChanges@resource://services-settings/remote-settings.js:190:13

1555906880982	Marionette	INFO	Stopped listening on port 45372
[Parent 2735, Gecko_IOThread] WARNING: pipe error (65): Connection reset by peer: file /build/firefox-i2nBcb/firefox-66.0.3+build1/ipc/chromium/src/chrome/common/ipc_channel_posix.cc, line 357
[Parent 2735, Gecko_IOThread] WARNING: pipe error (95): Connection reset by peer: file /build/firefox-i2nBcb/firefox-66.0.3+build1/ipc/chromium/src/chrome/common/ipc_channel_posix.cc, line 357
1555906979515	mozrunner::runner	INFO	Running command: "/usr/bin/firefox" "-marionette" "--headless" "-foreground" "-no-remote" "-profile" "/tmp/rust_mozprofile.WucmqRgflN5O"
*** You are running in headless mode.
1555906979824	addons.webextension.screenshots@mozilla.org	WARN	Loading extension 'screenshots@mozilla.org': Reading manifest: Invalid extension permission: mozillaAddons
1555906979824	addons.webextension.screenshots@mozilla.org	WARN	Loading extension 'screenshots@mozilla.org': Reading manifest: Invalid extension permission: resource://pdf.js/
1555906979824	addons.webextension.screenshots@mozilla.org	WARN	Loading extension 'screenshots@mozilla.org': Reading manifest: Invalid extension permission: about:reader*
1555906980957	Marionette	INFO	Listening on port 41502
1555906981033	Marionette	WARN	TLS certificate errors will be ignored for this session
1555906981040	Marionette	INFO	Proxy settings initialised: {"proxyType":"pac","proxyAutoconfigUrl":"http://www.freeproxy-server.net/"}
1555906981120	addons.webextension.<unknown>	WARN	Loading extension 'null': Reading manifest: Error processing storage: An unexpected property was found in the WebExtension manifest.
1555906981366	addons.webextension.{d10d0bf8-f5b5-c8b4-a8b2-2b9879e08c5d}	WARN	Loading extension '{d10d0bf8-f5b5-c8b4-a8b2-2b9879e08c5d}': Reading manifest: Error processing storage: An unexpected property was found in the WebExtension manifest.
JavaScript warning: moz-extension://0942179b-f1ac-429c-80ab-25556baac70c/lib/adblockplus.js, line 0: Successfully compiled asm.js code (total compilation time 2ms)
Extension error: [Exception... "Component returned failure code: 0x80004005 (NS_ERROR_FAILURE) [nsIDOMWindowUtils.removeSheet]"  nsresult: "0x80004005 (NS_ERROR_FAILURE)"  location: "JS frame :: resource://gre/modules/ExtensionCommon.jsm :: runSafeSyncWithoutClone :: line 65"  data: no] undefined 65
[[Exception stack
runSafeSyncWithoutClone@resource://gre/modules/ExtensionCommon.jsm:65:12
cleanup/<@resource://gre/modules/ExtensionContent.jsm:360:13
Current stack
runSafeSyncWithoutClone@resource://gre/modules/ExtensionCommon.jsm:67:129
cleanup/<@resource://gre/modules/ExtensionContent.jsm:360:13
]]
Extension error: [Exception... "Component returned failure code: 0x80004005 (NS_ERROR_FAILURE) [nsIDOMWindowUtils.removeSheet]"  nsresult: "0x80004005 (NS_ERROR_FAILURE)"  location: "JS frame :: resource://gre/modules/ExtensionCommon.jsm :: runSafeSyncWithoutClone :: line 65"  data: no] undefined 65
[[Exception stack
runSafeSyncWithoutClone@resource://gre/modules/ExtensionCommon.jsm:65:12
cleanup/<@resource://gre/modules/ExtensionContent.jsm:360:13
Current stack
runSafeSyncWithoutClone@resource://gre/modules/ExtensionCommon.jsm:67:129
cleanup/<@resource://gre/modules/ExtensionContent.jsm:360:13
]]
Extension error: [Exception... "Component returned failure code: 0x80004005 (NS_ERROR_FAILURE) [nsIDOMWindowUtils.removeSheet]"  nsresult: "0x80004005 (NS_ERROR_FAILURE)"  location: "JS frame :: resource://gre/modules/ExtensionCommon.jsm :: runSafeSyncWithoutClone :: line 65"  data: no] undefined 65
[[Exception stack
runSafeSyncWithoutClone@resource://gre/modules/ExtensionCommon.jsm:65:12
cleanup/<@resource://gre/modules/ExtensionContent.jsm:360:13
Current stack
runSafeSyncWithoutClone@resource://gre/modules/ExtensionCommon.jsm:67:129
cleanup/<@resource://gre/modules/ExtensionContent.jsm:360:13
]]
console.error: BroadcastService: 
  receivedBroadcastMessage: handler for
  remote-settings/monitor_changes
  threw error:
  Message: Error: Polling for changes failed: NetworkError when attempting to fetch resource..
  Stack:
    remoteSettingsFunction/remoteSettings.pollChanges@resource://services-settings/remote-settings.js:190:13

Extension error: [Exception... "Component returned failure code: 0x80004005 (NS_ERROR_FAILURE) [nsIDOMWindowUtils.removeSheet]"  nsresult: "0x80004005 (NS_ERROR_FAILURE)"  location: "JS frame :: resource://gre/modules/ExtensionCommon.jsm :: runSafeSyncWithoutClone :: line 65"  data: no] undefined 65
[[Exception stack
runSafeSyncWithoutClone@resource://gre/modules/ExtensionCommon.jsm:65:12
cleanup/<@resource://gre/modules/ExtensionContent.jsm:360:13
Current stack
runSafeSyncWithoutClone@resource://gre/modules/ExtensionCommon.jsm:67:129
cleanup/<@resource://gre/modules/ExtensionContent.jsm:360:13
]]
Extension error: [Exception... "Component returned failure code: 0x80004005 (NS_ERROR_FAILURE) [nsIDOMWindowUtils.removeSheet]"  nsresult: "0x80004005 (NS_ERROR_FAILURE)"  location: "JS frame :: resource://gre/modules/ExtensionCommon.jsm :: runSafeSyncWithoutClone :: line 65"  data: no] undefined 65
[[Exception stack
runSafeSyncWithoutClone@resource://gre/modules/ExtensionCommon.jsm:65:12
cleanup/<@resource://gre/modules/ExtensionContent.jsm:360:13
Current stack
runSafeSyncWithoutClone@resource://gre/modules/ExtensionCommon.jsm:67:129
cleanup/<@resource://gre/modules/ExtensionContent.jsm:360:13
]]
Extension error: [Exception... "Component returned failure code: 0x80004005 (NS_ERROR_FAILURE) [nsIDOMWindowUtils.removeSheet]"  nsresult: "0x80004005 (NS_ERROR_FAILURE)"  location: "JS frame :: resource://gre/modules/ExtensionCommon.jsm :: runSafeSyncWithoutClone :: line 65"  data: no] undefined 65
[[Exception stack
runSafeSyncWithoutClone@resource://gre/modules/ExtensionCommon.jsm:65:12
cleanup/<@resource://gre/modules/ExtensionContent.jsm:360:13
Current stack
runSafeSyncWithoutClone@resource://gre/modules/ExtensionCommon.jsm:67:129
cleanup/<@resource://gre/modules/ExtensionContent.jsm:360:13
]]
Extension error: [Exception... "Component returned failure code: 0x80004005 (NS_ERROR_FAILURE) [nsIDOMWindowUtils.removeSheet]"  nsresult: "0x80004005 (NS_ERROR_FAILURE)"  location: "JS frame :: resource://gre/modules/ExtensionCommon.jsm :: runSafeSyncWithoutClone :: line 65"  data: no] undefined 65
[[Exception stack
runSafeSyncWithoutClone@resource://gre/modules/ExtensionCommon.jsm:65:12
cleanup/<@resource://gre/modules/ExtensionContent.jsm:360:13
Current stack
runSafeSyncWithoutClone@resource://gre/modules/ExtensionCommon.jsm:67:129
cleanup/<@resource://gre/modules/ExtensionContent.jsm:360:13
]]
JavaScript error: https://maps.googleapis.com/maps/api/js?v=3&key=AIzaSyBiBQk23rLklPI3a3kpWZKvQySC0wHf1Pk&libraries=geometry, line 87: Error: Could not load "poly".
JavaScript error: https://maps.googleapis.com/maps/api/js?v=3&key=AIzaSyBiBQk23rLklPI3a3kpWZKvQySC0wHf1Pk&libraries=geometry, line 87: Error: Could not load "poly".
JavaScript error: https://maps.googleapis.com/maps/api/js?v=3&key=AIzaSyBiBQk23rLklPI3a3kpWZKvQySC0wHf1Pk&libraries=geometry, line 87: Error: Could not load "poly".
Extension error: [Exception... "Component returned failure code: 0x80004005 (NS_ERROR_FAILURE) [nsIDOMWindowUtils.removeSheet]"  nsresult: "0x80004005 (NS_ERROR_FAILURE)"  location: "JS frame :: resource://gre/modules/ExtensionCommon.jsm :: runSafeSyncWithoutClone :: line 65"  data: no] undefined 65
[[Exception stack
runSafeSyncWithoutClone@resource://gre/modules/ExtensionCommon.jsm:65:12
cleanup/<@resource://gre/modules/ExtensionContent.jsm:360:13
Current stack
runSafeSyncWithoutClone@resource://gre/modules/ExtensionCommon.jsm:67:129
cleanup/<@resource://gre/modules/ExtensionContent.jsm:360:13
]]
Extension error: [Exception... "Component returned failure code: 0x80004005 (NS_ERROR_FAILURE) [nsIDOMWindowUtils.removeSheet]"  nsresult: "0x80004005 (NS_ERROR_FAILURE)"  location: "JS frame :: resource://gre/modules/ExtensionCommon.jsm :: runSafeSyncWithoutClone :: line 65"  data: no] undefined 65
[[Exception stack
runSafeSyncWithoutClone@resource://gre/modules/ExtensionCommon.jsm:65:12
cleanup/<@resource://gre/modules/ExtensionContent.jsm:360:13
Current stack
runSafeSyncWithoutClone@resource://gre/modules/ExtensionCommon.jsm:67:129
cleanup/<@resource://gre/modules/ExtensionContent.jsm:360:13
]]
Extension error: [Exception... "Component returned failure code: 0x80004005 (NS_ERROR_FAILURE) [nsIDOMWindowUtils.removeSheet]"  nsresult: "0x80004005 (NS_ERROR_FAILURE)"  location: "JS frame :: resource://gre/modules/ExtensionCommon.jsm :: runSafeSyncWithoutClone :: line 65"  data: no] undefined 65
[[Exception stack
runSafeSyncWithoutClone@resource://gre/modules/ExtensionCommon.jsm:65:12
cleanup/<@resource://gre/modules/ExtensionContent.jsm:360:13
Current stack
runSafeSyncWithoutClone@resource://gre/modules/ExtensionCommon.jsm:67:129
cleanup/<@resource://gre/modules/ExtensionContent.jsm:360:13
]]
Extension error: [Exception... "Component returned failure code: 0x80004005 (NS_ERROR_FAILURE) [nsIDOMWindowUtils.removeSheet]"  nsresult: "0x80004005 (NS_ERROR_FAILURE)"  location: "JS frame :: resource://gre/modules/ExtensionCommon.jsm :: runSafeSyncWithoutClone :: line 65"  data: no] undefined 65
[[Exception stack
runSafeSyncWithoutClone@resource://gre/modules/ExtensionCommon.jsm:65:12
cleanup/<@resource://gre/modules/ExtensionContent.jsm:360:13
Current stack
runSafeSyncWithoutClone@resource://gre/modules/ExtensionCommon.jsm:67:129
cleanup/<@resource://gre/modules/ExtensionContent.jsm:360:13
]]
JavaScript error: https://maps.googleapis.com/maps/api/js?v=3&key=AIzaSyBiBQk23rLklPI3a3kpWZKvQySC0wHf1Pk&libraries=geometry, line 87: Error: Could not load "controls".
Extension error: [Exception... "Component returned failure code: 0x80004005 (NS_ERROR_FAILURE) [nsIDOMWindowUtils.removeSheet]"  nsresult: "0x80004005 (NS_ERROR_FAILURE)"  location: "JS frame :: resource://gre/modules/ExtensionCommon.jsm :: runSafeSyncWithoutClone :: line 65"  data: no] undefined 65
[[Exception stack
runSafeSyncWithoutClone@resource://gre/modules/ExtensionCommon.jsm:65:12
cleanup/<@resource://gre/modules/ExtensionContent.jsm:360:13
Current stack
runSafeSyncWithoutClone@resource://gre/modules/ExtensionCommon.jsm:67:129
cleanup/<@resource://gre/modules/ExtensionContent.jsm:360:13
]]
Extension error: [Exception... "Component returned failure code: 0x80004005 (NS_ERROR_FAILURE) [nsIDOMWindowUtils.removeSheet]"  nsresult: "0x80004005 (NS_ERROR_FAILURE)"  location: "JS frame :: resource://gre/modules/ExtensionCommon.jsm :: runSafeSyncWithoutClone :: line 65"  data: no] undefined 65
[[Exception stack
runSafeSyncWithoutClone@resource://gre/modules/ExtensionCommon.jsm:65:12
cleanup/<@resource://gre/modules/ExtensionContent.jsm:360:13
Current stack
runSafeSyncWithoutClone@resource://gre/modules/ExtensionCommon.jsm:67:129
cleanup/<@resource://gre/modules/ExtensionContent.jsm:360:13
]]
Extension error: [Exception... "Component returned failure code: 0x80004005 (NS_ERROR_FAILURE) [nsIDOMWindowUtils.removeSheet]"  nsresult: "0x80004005 (NS_ERROR_FAILURE)"  location: "JS frame :: resource://gre/modules/ExtensionCommon.jsm :: runSafeSyncWithoutClone :: line 65"  data: no] undefined 65
[[Exception stack
runSafeSyncWithoutClone@resource://gre/modules/ExtensionCommon.jsm:65:12
cleanup/<@resource://gre/modules/ExtensionContent.jsm:360:13
Current stack
runSafeSyncWithoutClone@resource://gre/modules/ExtensionCommon.jsm:67:129
cleanup/<@resource://gre/modules/ExtensionContent.jsm:360:13
]]
Extension error: [Exception... "Component returned failure code: 0x80004005 (NS_ERROR_FAILURE) [nsIDOMWindowUtils.removeSheet]"  nsresult: "0x80004005 (NS_ERROR_FAILURE)"  location: "JS frame :: resource://gre/modules/ExtensionCommon.jsm :: runSafeSyncWithoutClone :: line 65"  data: no] undefined 65
[[Exception stack
runSafeSyncWithoutClone@resource://gre/modules/ExtensionCommon.jsm:65:12
cleanup/<@resource://gre/modules/ExtensionContent.jsm:360:13
Current stack
runSafeSyncWithoutClone@resource://gre/modules/ExtensionCommon.jsm:67:129
cleanup/<@resource://gre/modules/ExtensionContent.jsm:360:13
]]
Extension error: [Exception... "Component returned failure code: 0x80004005 (NS_ERROR_FAILURE) [nsIDOMWindowUtils.removeSheet]"  nsresult: "0x80004005 (NS_ERROR_FAILURE)"  location: "JS frame :: resource://gre/modules/ExtensionCommon.jsm :: runSafeSyncWithoutClone :: line 65"  data: no] undefined 65
[[Exception stack
runSafeSyncWithoutClone@resource://gre/modules/ExtensionCommon.jsm:65:12
cleanup/<@resource://gre/modules/ExtensionContent.jsm:360:13
Current stack
runSafeSyncWithoutClone@resource://gre/modules/ExtensionCommon.jsm:67:129
cleanup/<@resource://gre/modules/ExtensionContent.jsm:360:13
]]
Extension error: [Exception... "Component returned failure code: 0x80004005 (NS_ERROR_FAILURE) [nsIDOMWindowUtils.removeSheet]"  nsresult: "0x80004005 (NS_ERROR_FAILURE)"  location: "JS frame :: resource://gre/modules/ExtensionCommon.jsm :: runSafeSyncWithoutClone :: line 65"  data: no] undefined 65
[[Exception stack
runSafeSyncWithoutClone@resource://gre/modules/ExtensionCommon.jsm:65:12
cleanup/<@resource://gre/modules/ExtensionContent.jsm:360:13
Current stack
runSafeSyncWithoutClone@resource://gre/modules/ExtensionCommon.jsm:67:129
cleanup/<@resource://gre/modules/ExtensionContent.jsm:360:13
]]
Extension error: [Exception... "Component returned failure code: 0x80004005 (NS_ERROR_FAILURE) [nsIDOMWindowUtils.removeSheet]"  nsresult: "0x80004005 (NS_ERROR_FAILURE)"  location: "JS frame :: resource://gre/modules/ExtensionCommon.jsm :: runSafeSyncWithoutClone :: line 65"  data: no] undefined 65
[[Exception stack
runSafeSyncWithoutClone@resource://gre/modules/ExtensionCommon.jsm:65:12
cleanup/<@resource://gre/modules/ExtensionContent.jsm:360:13
Current stack
runSafeSyncWithoutClone@resource://gre/modules/ExtensionCommon.jsm:67:129
cleanup/<@resource://gre/modules/ExtensionContent.jsm:360:13
]]
Extension error: [Exception... "Component returned failure code: 0x80004005 (NS_ERROR_FAILURE) [nsIDOMWindowUtils.removeSheet]"  nsresult: "0x80004005 (NS_ERROR_FAILURE)"  location: "JS frame :: resource://gre/modules/ExtensionCommon.jsm :: runSafeSyncWithoutClone :: line 65"  data: no] undefined 65
[[Exception stack
runSafeSyncWithoutClone@resource://gre/modules/ExtensionCommon.jsm:65:12
cleanup/<@resource://gre/modules/ExtensionContent.jsm:360:13
Current stack
runSafeSyncWithoutClone@resource://gre/modules/ExtensionCommon.jsm:67:129
cleanup/<@resource://gre/modules/ExtensionContent.jsm:360:13
]]
Extension error: [Exception... "Component returned failure code: 0x80004005 (NS_ERROR_FAILURE) [nsIDOMWindowUtils.removeSheet]"  nsresult: "0x80004005 (NS_ERROR_FAILURE)"  location: "JS frame :: resource://gre/modules/ExtensionCommon.jsm :: runSafeSyncWithoutClone :: line 65"  data: no] undefined 65
[[Exception stack
runSafeSyncWithoutClone@resource://gre/modules/ExtensionCommon.jsm:65:12
cleanup/<@resource://gre/modules/ExtensionContent.jsm:360:13
Current stack
runSafeSyncWithoutClone@resource://gre/modules/ExtensionCommon.jsm:67:129
cleanup/<@resource://gre/modules/ExtensionContent.jsm:360:13
]]
Extension error: [Exception... "Component returned failure code: 0x80004005 (NS_ERROR_FAILURE) [nsIDOMWindowUtils.removeSheet]"  nsresult: "0x80004005 (NS_ERROR_FAILURE)"  location: "JS frame :: resource://gre/modules/ExtensionCommon.jsm :: runSafeSyncWithoutClone :: line 65"  data: no] undefined 65
[[Exception stack
runSafeSyncWithoutClone@resource://gre/modules/ExtensionCommon.jsm:65:12
cleanup/<@resource://gre/modules/ExtensionContent.jsm:360:13
Current stack
runSafeSyncWithoutClone@resource://gre/modules/ExtensionCommon.jsm:67:129
cleanup/<@resource://gre/modules/ExtensionContent.jsm:360:13
]]
Extension error: [Exception... "Component returned failure code: 0x80004005 (NS_ERROR_FAILURE) [nsIDOMWindowUtils.removeSheet]"  nsresult: "0x80004005 (NS_ERROR_FAILURE)"  location: "JS frame :: resource://gre/modules/ExtensionCommon.jsm :: runSafeSyncWithoutClone :: line 65"  data: no] undefined 65
[[Exception stack
runSafeSyncWithoutClone@resource://gre/modules/ExtensionCommon.jsm:65:12
cleanup/<@resource://gre/modules/ExtensionContent.jsm:360:13
Current stack
runSafeSyncWithoutClone@resource://gre/modules/ExtensionCommon.jsm:67:129
cleanup/<@resource://gre/modules/ExtensionContent.jsm:360:13
]]
Extension error: [Exception... "Component returned failure code: 0x80004005 (NS_ERROR_FAILURE) [nsIDOMWindowUtils.removeSheet]"  nsresult: "0x80004005 (NS_ERROR_FAILURE)"  location: "JS frame :: resource://gre/modules/ExtensionCommon.jsm :: runSafeSyncWithoutClone :: line 65"  data: no] undefined 65
[[Exception stack
runSafeSyncWithoutClone@resource://gre/modules/ExtensionCommon.jsm:65:12
cleanup/<@resource://gre/modules/ExtensionContent.jsm:360:13
Current stack
runSafeSyncWithoutClone@resource://gre/modules/ExtensionCommon.jsm:67:129
cleanup/<@resource://gre/modules/ExtensionContent.jsm:360:13
]]
Extension error: [Exception... "Component returned failure code: 0x80004005 (NS_ERROR_FAILURE) [nsIDOMWindowUtils.removeSheet]"  nsresult: "0x80004005 (NS_ERROR_FAILURE)"  location: "JS frame :: resource://gre/modules/ExtensionCommon.jsm :: runSafeSyncWithoutClone :: line 65"  data: no] undefined 65
[[Exception stack
runSafeSyncWithoutClone@resource://gre/modules/ExtensionCommon.jsm:65:12
cleanup/<@resource://gre/modules/ExtensionContent.jsm:360:13
Current stack
runSafeSyncWithoutClone@resource://gre/modules/ExtensionCommon.jsm:67:129
cleanup/<@resource://gre/modules/ExtensionContent.jsm:360:13
]]
Extension error: [Exception... "Component returned failure code: 0x80004005 (NS_ERROR_FAILURE) [nsIDOMWindowUtils.removeSheet]"  nsresult: "0x80004005 (NS_ERROR_FAILURE)"  location: "JS frame :: resource://gre/modules/ExtensionCommon.jsm :: runSafeSyncWithoutClone :: line 65"  data: no] undefined 65
[[Exception stack
runSafeSyncWithoutClone@resource://gre/modules/ExtensionCommon.jsm:65:12
cleanup/<@resource://gre/modules/ExtensionContent.jsm:360:13
Current stack
runSafeSyncWithoutClone@resource://gre/modules/ExtensionCommon.jsm:67:129
cleanup/<@resource://gre/modules/ExtensionContent.jsm:360:13
]]
Extension error: [Exception... "Component returned failure code: 0x80004005 (NS_ERROR_FAILURE) [nsIDOMWindowUtils.removeSheet]"  nsresult: "0x80004005 (NS_ERROR_FAILURE)"  location: "JS frame :: resource://gre/modules/ExtensionCommon.jsm :: runSafeSyncWithoutClone :: line 65"  data: no] undefined 65
[[Exception stack
runSafeSyncWithoutClone@resource://gre/modules/ExtensionCommon.jsm:65:12
cleanup/<@resource://gre/modules/ExtensionContent.jsm:360:13
Current stack
runSafeSyncWithoutClone@resource://gre/modules/ExtensionCommon.jsm:67:129
cleanup/<@resource://gre/modules/ExtensionContent.jsm:360:13
]]
Extension error: [Exception... "Component returned failure code: 0x80004005 (NS_ERROR_FAILURE) [nsIDOMWindowUtils.removeSheet]"  nsresult: "0x80004005 (NS_ERROR_FAILURE)"  location: "JS frame :: resource://gre/modules/ExtensionCommon.jsm :: runSafeSyncWithoutClone :: line 65"  data: no] undefined 65
[[Exception stack
runSafeSyncWithoutClone@resource://gre/modules/ExtensionCommon.jsm:65:12
cleanup/<@resource://gre/modules/ExtensionContent.jsm:360:13
Current stack
runSafeSyncWithoutClone@resource://gre/modules/ExtensionCommon.jsm:67:129
cleanup/<@resource://gre/modules/ExtensionContent.jsm:360:13
]]
1555907057246	Marionette	INFO	Stopped listening on port 41502
[Parent 3104, Gecko_IOThread] WARNING: pipe error (65): Connection reset by peer: file /build/firefox-i2nBcb/firefox-66.0.3+build1/ipc/chromium/src/chrome/common/ipc_channel_posix.cc, line 357
